<?xml version="1.0" encoding="UTF-8"?>
<testng-results skipped="4" failed="1" ignored="0" total="10" passed="5">
  <reporter-output>
  </reporter-output>
  <suite name="Suite" duration-ms="41915" started-at="2017-08-21T12:39:49Z" finished-at="2017-08-21T12:40:31Z">
    <groups>
      <group name="actionsWithLetters">
        <method signature="TestClass.draftTest()[pri:0, instance:com.epam.pavel_loginov.patterns.tests.TestClass@100fc185]" name="draftTest" class="com.epam.pavel_loginov.patterns.tests.TestClass"/>
        <method signature="TestClass.contentTest()[pri:0, instance:com.epam.pavel_loginov.patterns.tests.TestClass@100fc185]" name="contentTest" class="com.epam.pavel_loginov.patterns.tests.TestClass"/>
        <method signature="TestClass.sendLetterTest()[pri:0, instance:com.epam.pavel_loginov.patterns.tests.TestClass@100fc185]" name="sendLetterTest" class="com.epam.pavel_loginov.patterns.tests.TestClass"/>
        <method signature="TestClass.draftTest()[pri:0, instance:com.epam.pavel_loginov.patterns.tests.TestClass@39aeed2f]" name="draftTest" class="com.epam.pavel_loginov.patterns.tests.TestClass"/>
        <method signature="TestClass.contentTest()[pri:0, instance:com.epam.pavel_loginov.patterns.tests.TestClass@39aeed2f]" name="contentTest" class="com.epam.pavel_loginov.patterns.tests.TestClass"/>
        <method signature="TestClass.sendLetterTest()[pri:0, instance:com.epam.pavel_loginov.patterns.tests.TestClass@39aeed2f]" name="sendLetterTest" class="com.epam.pavel_loginov.patterns.tests.TestClass"/>
      </group> <!-- actionsWithLetters -->
    </groups>
    <test name="ChromeTest" duration-ms="26872" started-at="2017-08-21T12:39:49Z" finished-at="2017-08-21T12:40:16Z">
      <class name="com.epam.pavel_loginov.patterns.tests.TestClass">
        <test-method status="PASS" signature="setUp(java.lang.String)[pri:0, instance:com.epam.pavel_loginov.patterns.tests.TestClass@100fc185]" name="setUp" is-config="true" duration-ms="3983" started-at="2017-08-21T15:39:49Z" description="start browser" finished-at="2017-08-21T15:39:53Z">
          <params>
            <param index="0">
              <value>
                <![CDATA[chrome]]>
              </value>
            </param>
          </params>
          <reporter-output>
          </reporter-output>
        </test-method> <!-- setUp -->
        <test-method status="PASS" signature="testLogin()[pri:0, instance:com.epam.pavel_loginov.patterns.tests.TestClass@100fc185]" name="testLogin" duration-ms="6648" started-at="2017-08-21T15:39:53Z" finished-at="2017-08-21T15:40:00Z">
          <reporter-output>
          </reporter-output>
        </test-method> <!-- testLogin -->
        <test-method status="PASS" signature="createLetter(java.lang.String)[pri:0, instance:com.epam.pavel_loginov.patterns.tests.TestClass@100fc185]" name="createLetter" is-config="true" duration-ms="1" started-at="2017-08-21T15:40:00Z" finished-at="2017-08-21T15:40:00Z">
          <params>
            <param index="0">
              <value>
                <![CDATA[informal]]>
              </value>
            </param>
          </params>
          <reporter-output>
          </reporter-output>
        </test-method> <!-- createLetter -->
        <test-method status="PASS" signature="draftTest()[pri:0, instance:com.epam.pavel_loginov.patterns.tests.TestClass@100fc185]" name="draftTest" duration-ms="6349" started-at="2017-08-21T15:40:00Z" depends-on-methods="com.epam.pavel_loginov.patterns.tests.TestClass.testLogin" finished-at="2017-08-21T15:40:06Z">
          <reporter-output>
          </reporter-output>
        </test-method> <!-- draftTest -->
        <test-method status="PASS" signature="contentTest()[pri:0, instance:com.epam.pavel_loginov.patterns.tests.TestClass@100fc185]" name="contentTest" duration-ms="2021" started-at="2017-08-21T15:40:06Z" depends-on-methods="com.epam.pavel_loginov.patterns.tests.TestClass.draftTest" finished-at="2017-08-21T15:40:08Z">
          <reporter-output>
          </reporter-output>
        </test-method> <!-- contentTest -->
        <test-method status="PASS" signature="sendLetterTest()[pri:0, instance:com.epam.pavel_loginov.patterns.tests.TestClass@100fc185]" name="sendLetterTest" duration-ms="3440" started-at="2017-08-21T15:40:08Z" depends-on-methods="com.epam.pavel_loginov.patterns.tests.TestClass.contentTest" finished-at="2017-08-21T15:40:12Z">
          <reporter-output>
          </reporter-output>
        </test-method> <!-- sendLetterTest -->
        <test-method status="PASS" signature="isLetterSent()[pri:0, instance:com.epam.pavel_loginov.patterns.tests.TestClass@100fc185]" name="isLetterSent" duration-ms="2560" started-at="2017-08-21T15:40:12Z" depends-on-methods="com.epam.pavel_loginov.patterns.tests.TestClass.sendLetterTest" finished-at="2017-08-21T15:40:14Z">
          <reporter-output>
          </reporter-output>
        </test-method> <!-- isLetterSent -->
        <test-method status="PASS" signature="tearDown()[pri:0, instance:com.epam.pavel_loginov.patterns.tests.TestClass@100fc185]" name="tearDown" is-config="true" duration-ms="1848" started-at="2017-08-21T15:40:14Z" finished-at="2017-08-21T15:40:16Z">
          <reporter-output>
          </reporter-output>
        </test-method> <!-- tearDown -->
      </class> <!-- com.epam.pavel_loginov.patterns.tests.TestClass -->
    </test> <!-- ChromeTest -->
    <test name="FirefoxTest" duration-ms="15012" started-at="2017-08-21T12:40:16Z" finished-at="2017-08-21T12:40:31Z">
      <class name="com.epam.pavel_loginov.patterns.tests.TestClass">
        <test-method status="PASS" signature="setUp(java.lang.String)[pri:0, instance:com.epam.pavel_loginov.patterns.tests.TestClass@39aeed2f]" name="setUp" is-config="true" duration-ms="5036" started-at="2017-08-21T15:40:16Z" description="start browser" finished-at="2017-08-21T15:40:21Z">
          <params>
            <param index="0">
              <value>
                <![CDATA[firefox]]>
              </value>
            </param>
          </params>
          <reporter-output>
          </reporter-output>
        </test-method> <!-- setUp -->
        <test-method status="FAIL" signature="testLogin()[pri:0, instance:com.epam.pavel_loginov.patterns.tests.TestClass@39aeed2f]" name="testLogin" duration-ms="8623" started-at="2017-08-21T15:40:21Z" finished-at="2017-08-21T15:40:30Z">
          <exception class="org.openqa.selenium.WebDriverException">
            <message>
              <![CDATA[Error communicating with the remote browser. It may have died.
Build info: version: '2.53.1', revision: 'a36b8b1', time: '2016-06-30 17:37:03'
System info: host: 'EPRURYAW0052', ip: '10.19.13.122', os.name: 'Windows 10', os.arch: 'amd64', os.version: '10.0', java.version: '1.8.0_112'
Driver info: driver.version: EventFiringWebDriver
Capabilities [{applicationCacheEnabled=true, rotatable=false, handlesAlerts=true, databaseEnabled=true, version=45.0, platform=WINDOWS, nativeEvents=false, acceptSslCerts=true, webStorageEnabled=true, locationContextEnabled=true, browserName=firefox, takesScreenshot=true, javascriptEnabled=true, cssSelectorsEnabled=true}]
Session ID: 41ef9677-2a93-46ef-b276-d9eac2b6357d
Command duration or timeout: 4.95 seconds
Build info: version: '2.53.1', revision: 'a36b8b1', time: '2016-06-30 17:32:46'
System info: host: 'EPRURYAW0052', ip: '10.19.13.122', os.name: 'Windows 10', os.arch: 'amd64', os.version: '10.0', java.version: '1.8.0_112'
Driver info: org.openqa.selenium.remote.RemoteWebDriver
Capabilities [{applicationCacheEnabled=true, rotatable=false, handlesAlerts=true, databaseEnabled=true, version=45.0, platform=WINDOWS, nativeEvents=false, acceptSslCerts=true, webdriver.remote.sessionid=9f368700-1207-4e19-bc90-19bbce726df6, webStorageEnabled=true, locationContextEnabled=true, browserName=firefox, takesScreenshot=true, javascriptEnabled=true, cssSelectorsEnabled=true}]
Session ID: 9f368700-1207-4e19-bc90-19bbce726df6
*** Element info: {Using=id, value=PH_user-email}]]>
            </message>
            <full-stacktrace>
              <![CDATA[org.openqa.selenium.WebDriverException: Error communicating with the remote browser. It may have died.
Build info: version: '2.53.1', revision: 'a36b8b1', time: '2016-06-30 17:37:03'
System info: host: 'EPRURYAW0052', ip: '10.19.13.122', os.name: 'Windows 10', os.arch: 'amd64', os.version: '10.0', java.version: '1.8.0_112'
Driver info: driver.version: EventFiringWebDriver
Capabilities [{applicationCacheEnabled=true, rotatable=false, handlesAlerts=true, databaseEnabled=true, version=45.0, platform=WINDOWS, nativeEvents=false, acceptSslCerts=true, webStorageEnabled=true, locationContextEnabled=true, browserName=firefox, takesScreenshot=true, javascriptEnabled=true, cssSelectorsEnabled=true}]
Session ID: 41ef9677-2a93-46ef-b276-d9eac2b6357d
Command duration or timeout: 4.95 seconds
Build info: version: '2.53.1', revision: 'a36b8b1', time: '2016-06-30 17:32:46'
System info: host: 'EPRURYAW0052', ip: '10.19.13.122', os.name: 'Windows 10', os.arch: 'amd64', os.version: '10.0', java.version: '1.8.0_112'
Driver info: org.openqa.selenium.remote.RemoteWebDriver
Capabilities [{applicationCacheEnabled=true, rotatable=false, handlesAlerts=true, databaseEnabled=true, version=45.0, platform=WINDOWS, nativeEvents=false, acceptSslCerts=true, webdriver.remote.sessionid=9f368700-1207-4e19-bc90-19bbce726df6, webStorageEnabled=true, locationContextEnabled=true, browserName=firefox, takesScreenshot=true, javascriptEnabled=true, cssSelectorsEnabled=true}]
Session ID: 9f368700-1207-4e19-bc90-19bbce726df6
*** Element info: {Using=id, value=PH_user-email}
	at sun.reflect.NativeConstructorAccessorImpl.newInstance0(Native Method)
	at sun.reflect.NativeConstructorAccessorImpl.newInstance(NativeConstructorAccessorImpl.java:62)
	at sun.reflect.DelegatingConstructorAccessorImpl.newInstance(DelegatingConstructorAccessorImpl.java:45)
	at java.lang.reflect.Constructor.newInstance(Constructor.java:423)
	at org.openqa.selenium.remote.ErrorHandler.createThrowable(ErrorHandler.java:206)
	at org.openqa.selenium.remote.ErrorHandler.throwIfResponseFailed(ErrorHandler.java:158)
	at org.openqa.selenium.remote.RemoteWebDriver.execute(RemoteWebDriver.java:678)
	at org.openqa.selenium.remote.RemoteWebDriver.findElement(RemoteWebDriver.java:363)
	at org.openqa.selenium.remote.RemoteWebDriver.findElementById(RemoteWebDriver.java:413)
	at org.openqa.selenium.By$ById.findElement(By.java:218)
	at org.openqa.selenium.remote.RemoteWebDriver.findElement(RemoteWebDriver.java:355)
	at com.epam.pavel_loginov.patterns.patterns.decorator.Decorator.findElement(Decorator.java:25)
	at org.openqa.selenium.support.ui.ExpectedConditions.findElement(ExpectedConditions.java:899)
	at org.openqa.selenium.support.ui.ExpectedConditions.access$0(ExpectedConditions.java:897)
	at org.openqa.selenium.support.ui.ExpectedConditions$7.apply(ExpectedConditions.java:205)
	at org.openqa.selenium.support.ui.ExpectedConditions$7.apply(ExpectedConditions.java:1)
	at org.openqa.selenium.support.ui.FluentWait.until(FluentWait.java:238)
	at com.epam.pavel_loginov.patterns.tests.TestClass.testLogin(TestClass.java:65)
	at sun.reflect.NativeMethodAccessorImpl.invoke0(Native Method)
	at sun.reflect.NativeMethodAccessorImpl.invoke(NativeMethodAccessorImpl.java:62)
	at sun.reflect.DelegatingMethodAccessorImpl.invoke(DelegatingMethodAccessorImpl.java:43)
	at java.lang.reflect.Method.invoke(Method.java:498)
	at org.testng.internal.MethodInvocationHelper.invokeMethod(MethodInvocationHelper.java:108)
	at org.testng.internal.Invoker.invokeMethod(Invoker.java:661)
	at org.testng.internal.Invoker.invokeTestMethod(Invoker.java:869)
	at org.testng.internal.Invoker.invokeTestMethods(Invoker.java:1193)
	at org.testng.internal.TestMethodWorker.invokeTestMethods(TestMethodWorker.java:126)
	at org.testng.internal.TestMethodWorker.run(TestMethodWorker.java:109)
	at org.testng.TestRunner.privateRun(TestRunner.java:744)
	at org.testng.TestRunner.run(TestRunner.java:602)
	at org.testng.SuiteRunner.runTest(SuiteRunner.java:380)
	at org.testng.SuiteRunner.access$000(SuiteRunner.java:39)
	at org.testng.SuiteRunner$SuiteWorker.run(SuiteRunner.java:414)
	at org.testng.internal.thread.ThreadUtil$1.call(ThreadUtil.java:52)
	at java.util.concurrent.FutureTask.run(FutureTask.java:266)
	at java.util.concurrent.ThreadPoolExecutor.runWorker(ThreadPoolExecutor.java:1142)
	at java.util.concurrent.ThreadPoolExecutor$Worker.run(ThreadPoolExecutor.java:617)
	at java.lang.Thread.run(Thread.java:745)
Caused by: org.openqa.selenium.remote.UnreachableBrowserException: Error communicating with the remote browser. It may have died.
Build info: version: '2.53.1', revision: 'a36b8b1', time: '2016-06-30 17:37:03'
System info: host: 'EPRURYAW0052', ip: '10.19.13.122', os.name: 'Windows 10', os.arch: 'amd64', os.version: '10.0', java.version: '1.8.0_112'
Driver info: driver.version: EventFiringWebDriver
Capabilities [{applicationCacheEnabled=true, rotatable=false, handlesAlerts=true, databaseEnabled=true, version=45.0, platform=WINDOWS, nativeEvents=false, acceptSslCerts=true, webStorageEnabled=true, locationContextEnabled=true, browserName=firefox, takesScreenshot=true, javascriptEnabled=true, cssSelectorsEnabled=true}]
Session ID: 41ef9677-2a93-46ef-b276-d9eac2b6357d
Build info: version: '2.53.1', revision: 'a36b8b1', time: '2016-06-30 17:32:46'
System info: host: 'EPRURYAW0052', ip: '10.19.13.122', os.name: 'Windows 10', os.arch: 'amd64', os.version: '10.0', java.version: '1.8.0_112'
Driver info: driver.version: unknown
]]>
            </full-stacktrace>
          </exception> <!-- org.openqa.selenium.WebDriverException -->
          <reporter-output>
          </reporter-output>
        </test-method> <!-- testLogin -->
        <test-method status="SKIP" signature="draftTest()[pri:0, instance:com.epam.pavel_loginov.patterns.tests.TestClass@39aeed2f]" name="draftTest" duration-ms="0" started-at="2017-08-21T15:40:30Z" depends-on-methods="com.epam.pavel_loginov.patterns.tests.TestClass.testLogin" finished-at="2017-08-21T15:40:30Z">
          <exception class="java.lang.Throwable">
            <message>
              <![CDATA[Method TestClass.draftTest()[pri:0, instance:com.epam.pavel_loginov.patterns.tests.TestClass@39aeed2f] depends on not successfully finished methods]]>
            </message>
            <full-stacktrace>
              <![CDATA[java.lang.Throwable: Method TestClass.draftTest()[pri:0, instance:com.epam.pavel_loginov.patterns.tests.TestClass@39aeed2f] depends on not successfully finished methods
	at org.testng.internal.Invoker.invokeTestMethods(Invoker.java:1084)
	at org.testng.internal.TestMethodWorker.invokeTestMethods(TestMethodWorker.java:126)
	at org.testng.internal.TestMethodWorker.run(TestMethodWorker.java:109)
	at org.testng.TestRunner.privateRun(TestRunner.java:744)
	at org.testng.TestRunner.run(TestRunner.java:602)
	at org.testng.SuiteRunner.runTest(SuiteRunner.java:380)
	at org.testng.SuiteRunner.access$000(SuiteRunner.java:39)
	at org.testng.SuiteRunner$SuiteWorker.run(SuiteRunner.java:414)
	at org.testng.internal.thread.ThreadUtil$1.call(ThreadUtil.java:52)
	at java.util.concurrent.FutureTask.run(FutureTask.java:266)
	at java.util.concurrent.ThreadPoolExecutor.runWorker(ThreadPoolExecutor.java:1142)
	at java.util.concurrent.ThreadPoolExecutor$Worker.run(ThreadPoolExecutor.java:617)
	at java.lang.Thread.run(Thread.java:745)
]]>
            </full-stacktrace>
          </exception> <!-- java.lang.Throwable -->
          <reporter-output>
          </reporter-output>
        </test-method> <!-- draftTest -->
        <test-method status="SKIP" signature="contentTest()[pri:0, instance:com.epam.pavel_loginov.patterns.tests.TestClass@39aeed2f]" name="contentTest" duration-ms="0" started-at="2017-08-21T15:40:30Z" depends-on-methods="com.epam.pavel_loginov.patterns.tests.TestClass.draftTest" finished-at="2017-08-21T15:40:30Z">
          <exception class="java.lang.Throwable">
            <message>
              <![CDATA[Method TestClass.contentTest()[pri:0, instance:com.epam.pavel_loginov.patterns.tests.TestClass@39aeed2f] depends on not successfully finished methods]]>
            </message>
            <full-stacktrace>
              <![CDATA[java.lang.Throwable: Method TestClass.contentTest()[pri:0, instance:com.epam.pavel_loginov.patterns.tests.TestClass@39aeed2f] depends on not successfully finished methods
	at org.testng.internal.Invoker.invokeTestMethods(Invoker.java:1084)
	at org.testng.internal.TestMethodWorker.invokeTestMethods(TestMethodWorker.java:126)
	at org.testng.internal.TestMethodWorker.run(TestMethodWorker.java:109)
	at org.testng.TestRunner.privateRun(TestRunner.java:744)
	at org.testng.TestRunner.run(TestRunner.java:602)
	at org.testng.SuiteRunner.runTest(SuiteRunner.java:380)
	at org.testng.SuiteRunner.access$000(SuiteRunner.java:39)
	at org.testng.SuiteRunner$SuiteWorker.run(SuiteRunner.java:414)
	at org.testng.internal.thread.ThreadUtil$1.call(ThreadUtil.java:52)
	at java.util.concurrent.FutureTask.run(FutureTask.java:266)
	at java.util.concurrent.ThreadPoolExecutor.runWorker(ThreadPoolExecutor.java:1142)
	at java.util.concurrent.ThreadPoolExecutor$Worker.run(ThreadPoolExecutor.java:617)
	at java.lang.Thread.run(Thread.java:745)
]]>
            </full-stacktrace>
          </exception> <!-- java.lang.Throwable -->
          <reporter-output>
          </reporter-output>
        </test-method> <!-- contentTest -->
        <test-method status="SKIP" signature="sendLetterTest()[pri:0, instance:com.epam.pavel_loginov.patterns.tests.TestClass@39aeed2f]" name="sendLetterTest" duration-ms="0" started-at="2017-08-21T15:40:30Z" depends-on-methods="com.epam.pavel_loginov.patterns.tests.TestClass.contentTest" finished-at="2017-08-21T15:40:30Z">
          <exception class="java.lang.Throwable">
            <message>
              <![CDATA[Method TestClass.sendLetterTest()[pri:0, instance:com.epam.pavel_loginov.patterns.tests.TestClass@39aeed2f] depends on not successfully finished methods]]>
            </message>
            <full-stacktrace>
              <![CDATA[java.lang.Throwable: Method TestClass.sendLetterTest()[pri:0, instance:com.epam.pavel_loginov.patterns.tests.TestClass@39aeed2f] depends on not successfully finished methods
	at org.testng.internal.Invoker.invokeTestMethods(Invoker.java:1084)
	at org.testng.internal.TestMethodWorker.invokeTestMethods(TestMethodWorker.java:126)
	at org.testng.internal.TestMethodWorker.run(TestMethodWorker.java:109)
	at org.testng.TestRunner.privateRun(TestRunner.java:744)
	at org.testng.TestRunner.run(TestRunner.java:602)
	at org.testng.SuiteRunner.runTest(SuiteRunner.java:380)
	at org.testng.SuiteRunner.access$000(SuiteRunner.java:39)
	at org.testng.SuiteRunner$SuiteWorker.run(SuiteRunner.java:414)
	at org.testng.internal.thread.ThreadUtil$1.call(ThreadUtil.java:52)
	at java.util.concurrent.FutureTask.run(FutureTask.java:266)
	at java.util.concurrent.ThreadPoolExecutor.runWorker(ThreadPoolExecutor.java:1142)
	at java.util.concurrent.ThreadPoolExecutor$Worker.run(ThreadPoolExecutor.java:617)
	at java.lang.Thread.run(Thread.java:745)
]]>
            </full-stacktrace>
          </exception> <!-- java.lang.Throwable -->
          <reporter-output>
          </reporter-output>
        </test-method> <!-- sendLetterTest -->
        <test-method status="SKIP" signature="isLetterSent()[pri:0, instance:com.epam.pavel_loginov.patterns.tests.TestClass@39aeed2f]" name="isLetterSent" duration-ms="0" started-at="2017-08-21T15:40:30Z" depends-on-methods="com.epam.pavel_loginov.patterns.tests.TestClass.sendLetterTest" finished-at="2017-08-21T15:40:30Z">
          <exception class="java.lang.Throwable">
            <message>
              <![CDATA[Method TestClass.isLetterSent()[pri:0, instance:com.epam.pavel_loginov.patterns.tests.TestClass@39aeed2f] depends on not successfully finished methods]]>
            </message>
            <full-stacktrace>
              <![CDATA[java.lang.Throwable: Method TestClass.isLetterSent()[pri:0, instance:com.epam.pavel_loginov.patterns.tests.TestClass@39aeed2f] depends on not successfully finished methods
	at org.testng.internal.Invoker.invokeTestMethods(Invoker.java:1084)
	at org.testng.internal.TestMethodWorker.invokeTestMethods(TestMethodWorker.java:126)
	at org.testng.internal.TestMethodWorker.run(TestMethodWorker.java:109)
	at org.testng.TestRunner.privateRun(TestRunner.java:744)
	at org.testng.TestRunner.run(TestRunner.java:602)
	at org.testng.SuiteRunner.runTest(SuiteRunner.java:380)
	at org.testng.SuiteRunner.access$000(SuiteRunner.java:39)
	at org.testng.SuiteRunner$SuiteWorker.run(SuiteRunner.java:414)
	at org.testng.internal.thread.ThreadUtil$1.call(ThreadUtil.java:52)
	at java.util.concurrent.FutureTask.run(FutureTask.java:266)
	at java.util.concurrent.ThreadPoolExecutor.runWorker(ThreadPoolExecutor.java:1142)
	at java.util.concurrent.ThreadPoolExecutor$Worker.run(ThreadPoolExecutor.java:617)
	at java.lang.Thread.run(Thread.java:745)
]]>
            </full-stacktrace>
          </exception> <!-- java.lang.Throwable -->
          <reporter-output>
          </reporter-output>
        </test-method> <!-- isLetterSent -->
        <test-method status="FAIL" signature="tearDown()[pri:0, instance:com.epam.pavel_loginov.patterns.tests.TestClass@39aeed2f]" name="tearDown" is-config="true" duration-ms="1333" started-at="2017-08-21T15:40:30Z" finished-at="2017-08-21T15:40:31Z">
          <exception class="org.openqa.selenium.WebDriverException">
            <message>
              <![CDATA[Error communicating with the remote browser. It may have died.
Build info: version: '2.53.1', revision: 'a36b8b1', time: '2016-06-30 17:37:03'
System info: host: 'EPRURYAW0052', ip: '10.19.13.122', os.name: 'Windows 10', os.arch: 'amd64', os.version: '10.0', java.version: '1.8.0_112'
Driver info: driver.version: EventFiringWebDriver
Capabilities [{applicationCacheEnabled=true, rotatable=false, handlesAlerts=true, databaseEnabled=true, version=45.0, platform=WINDOWS, nativeEvents=false, acceptSslCerts=true, webStorageEnabled=true, locationContextEnabled=true, browserName=firefox, takesScreenshot=true, javascriptEnabled=true, cssSelectorsEnabled=true}]
Session ID: 41ef9677-2a93-46ef-b276-d9eac2b6357d
Command duration or timeout: 1.33 seconds
Build info: version: '2.53.1', revision: 'a36b8b1', time: '2016-06-30 17:32:46'
System info: host: 'EPRURYAW0052', ip: '10.19.13.122', os.name: 'Windows 10', os.arch: 'amd64', os.version: '10.0', java.version: '1.8.0_112'
Driver info: org.openqa.selenium.remote.RemoteWebDriver
Capabilities [{applicationCacheEnabled=true, rotatable=false, handlesAlerts=true, databaseEnabled=true, version=45.0, platform=WINDOWS, nativeEvents=false, acceptSslCerts=true, webdriver.remote.sessionid=9f368700-1207-4e19-bc90-19bbce726df6, webStorageEnabled=true, locationContextEnabled=true, browserName=firefox, takesScreenshot=true, javascriptEnabled=true, cssSelectorsEnabled=true}]
Session ID: 9f368700-1207-4e19-bc90-19bbce726df6
*** Element info: {Using=xpath, value=//span[text() =  'Черновики']}]]>
            </message>
            <full-stacktrace>
              <![CDATA[org.openqa.selenium.WebDriverException: Error communicating with the remote browser. It may have died.
Build info: version: '2.53.1', revision: 'a36b8b1', time: '2016-06-30 17:37:03'
System info: host: 'EPRURYAW0052', ip: '10.19.13.122', os.name: 'Windows 10', os.arch: 'amd64', os.version: '10.0', java.version: '1.8.0_112'
Driver info: driver.version: EventFiringWebDriver
Capabilities [{applicationCacheEnabled=true, rotatable=false, handlesAlerts=true, databaseEnabled=true, version=45.0, platform=WINDOWS, nativeEvents=false, acceptSslCerts=true, webStorageEnabled=true, locationContextEnabled=true, browserName=firefox, takesScreenshot=true, javascriptEnabled=true, cssSelectorsEnabled=true}]
Session ID: 41ef9677-2a93-46ef-b276-d9eac2b6357d
Command duration or timeout: 1.33 seconds
Build info: version: '2.53.1', revision: 'a36b8b1', time: '2016-06-30 17:32:46'
System info: host: 'EPRURYAW0052', ip: '10.19.13.122', os.name: 'Windows 10', os.arch: 'amd64', os.version: '10.0', java.version: '1.8.0_112'
Driver info: org.openqa.selenium.remote.RemoteWebDriver
Capabilities [{applicationCacheEnabled=true, rotatable=false, handlesAlerts=true, databaseEnabled=true, version=45.0, platform=WINDOWS, nativeEvents=false, acceptSslCerts=true, webdriver.remote.sessionid=9f368700-1207-4e19-bc90-19bbce726df6, webStorageEnabled=true, locationContextEnabled=true, browserName=firefox, takesScreenshot=true, javascriptEnabled=true, cssSelectorsEnabled=true}]
Session ID: 9f368700-1207-4e19-bc90-19bbce726df6
*** Element info: {Using=xpath, value=//span[text() =  'Черновики']}
	at sun.reflect.NativeConstructorAccessorImpl.newInstance0(Native Method)
	at sun.reflect.NativeConstructorAccessorImpl.newInstance(NativeConstructorAccessorImpl.java:62)
	at sun.reflect.DelegatingConstructorAccessorImpl.newInstance(DelegatingConstructorAccessorImpl.java:45)
	at java.lang.reflect.Constructor.newInstance(Constructor.java:423)
	at org.openqa.selenium.remote.ErrorHandler.createThrowable(ErrorHandler.java:206)
	at org.openqa.selenium.remote.ErrorHandler.throwIfResponseFailed(ErrorHandler.java:158)
	at org.openqa.selenium.remote.RemoteWebDriver.execute(RemoteWebDriver.java:678)
	at org.openqa.selenium.remote.RemoteWebDriver.findElement(RemoteWebDriver.java:363)
	at org.openqa.selenium.remote.RemoteWebDriver.findElementByXPath(RemoteWebDriver.java:500)
	at org.openqa.selenium.By$ByXPath.findElement(By.java:361)
	at org.openqa.selenium.remote.RemoteWebDriver.findElement(RemoteWebDriver.java:355)
	at com.epam.pavel_loginov.patterns.patterns.decorator.Decorator.findElement(Decorator.java:25)
	at org.openqa.selenium.support.pagefactory.DefaultElementLocator.findElement(DefaultElementLocator.java:69)
	at org.openqa.selenium.support.pagefactory.internal.LocatingElementHandler.invoke(LocatingElementHandler.java:38)
	at com.sun.proxy.$Proxy9.click(Unknown Source)
	at com.epam.pavel_loginov.patterns.tests.TestClass.tearDown(TestClass.java:51)
	at sun.reflect.NativeMethodAccessorImpl.invoke0(Native Method)
	at sun.reflect.NativeMethodAccessorImpl.invoke(NativeMethodAccessorImpl.java:62)
	at sun.reflect.DelegatingMethodAccessorImpl.invoke(DelegatingMethodAccessorImpl.java:43)
	at java.lang.reflect.Method.invoke(Method.java:498)
	at org.testng.internal.MethodInvocationHelper.invokeMethod(MethodInvocationHelper.java:108)
	at org.testng.internal.Invoker.invokeConfigurationMethod(Invoker.java:523)
	at org.testng.internal.Invoker.invokeConfigurations(Invoker.java:224)
	at org.testng.internal.Invoker.invokeConfigurations(Invoker.java:146)
	at org.testng.internal.TestMethodWorker.invokeAfterClassMethods(TestMethodWorker.java:212)
	at org.testng.internal.TestMethodWorker.run(TestMethodWorker.java:112)
	at org.testng.TestRunner.privateRun(TestRunner.java:744)
	at org.testng.TestRunner.run(TestRunner.java:602)
	at org.testng.SuiteRunner.runTest(SuiteRunner.java:380)
	at org.testng.SuiteRunner.access$000(SuiteRunner.java:39)
	at org.testng.SuiteRunner$SuiteWorker.run(SuiteRunner.java:414)
	at org.testng.internal.thread.ThreadUtil$1.call(ThreadUtil.java:52)
	at java.util.concurrent.FutureTask.run(FutureTask.java:266)
	at java.util.concurrent.ThreadPoolExecutor.runWorker(ThreadPoolExecutor.java:1142)
	at java.util.concurrent.ThreadPoolExecutor$Worker.run(ThreadPoolExecutor.java:617)
	at java.lang.Thread.run(Thread.java:745)
Caused by: org.openqa.selenium.remote.UnreachableBrowserException: Error communicating with the remote browser. It may have died.
Build info: version: '2.53.1', revision: 'a36b8b1', time: '2016-06-30 17:37:03'
System info: host: 'EPRURYAW0052', ip: '10.19.13.122', os.name: 'Windows 10', os.arch: 'amd64', os.version: '10.0', java.version: '1.8.0_112'
Driver info: driver.version: EventFiringWebDriver
Capabilities [{applicationCacheEnabled=true, rotatable=false, handlesAlerts=true, databaseEnabled=true, version=45.0, platform=WINDOWS, nativeEvents=false, acceptSslCerts=true, webStorageEnabled=true, locationContextEnabled=true, browserName=firefox, takesScreenshot=true, javascriptEnabled=true, cssSelectorsEnabled=true}]
Session ID: 41ef9677-2a93-46ef-b276-d9eac2b6357d
Build info: version: '2.53.1', revision: 'a36b8b1', time: '2016-06-30 17:32:46'
System info: host: 'EPRURYAW0052', ip: '10.19.13.122', os.name: 'Windows 10', os.arch: 'amd64', os.version: '10.0', java.version: '1.8.0_112'
Driver info: driver.version: unknown
]]>
            </full-stacktrace>
          </exception> <!-- org.openqa.selenium.WebDriverException -->
          <reporter-output>
          </reporter-output>
        </test-method> <!-- tearDown -->
      </class> <!-- com.epam.pavel_loginov.patterns.tests.TestClass -->
    </test> <!-- FirefoxTest -->
  </suite> <!-- Suite -->
</testng-results>
